Case #1: 1 0
Case #2: 1 0
Case #3: 1 1
Case #4: 0 0
Case #5: 500 499
Case #6: 0 0
Case #7: 0 0
Case #8: 7812 7811
Case #9: 0 0
Case #10: 1 1
Case #11: 0 0
Case #12: 0 0
Case #13: 3906 3905
Case #14: 0 0
Case #15: 0 0
Case #16: 0 0
Case #17: 1 1
Case #18: 0 0
Case #19: 0 0
Case #20: 1 1
Case #21: 3905 3905
Case #22: 1 0
Case #23: 0 0
Case #24: 0 0
Case #25: 0 0
Case #26: 0 0
Case #27: 0 0
Case #28: 250000 249999
Case #29: 1 0
Case #30: 0 0
Case #31: 0 0
Case #32: 1 0
Case #33: 3 2
Case #34: 0 0
Case #35: 1 1
Case #36: 0 0
Case #37: 249999 249999
Case #38: 0 0
Case #39: 0 0
Case #40: 1 0
Case #41: 0 0
Case #42: 0 0
Case #43: 0 0
Case #44: 1 0
Case #45: 250000 249999
Case #46: 1 0
Case #47: 1 1
Case #48: 1 0
Case #49: 0 0
Case #50: 0 0
Case #51: 2 2
Case #52: 0 0
Case #53: 2 1
Case #54: 0 0
Case #55: 1 0
Case #56: 1 0
Case #57: 1 1
Case #58: 0 0
Case #59: 0 0
Case #60: 0 0
Case #61: 1 0
Case #62: 1 0
Case #63: 0 0
Case #64: 0 0
Case #65: 1 0
Case #66: 0 0
Case #67: 0 0
Case #68: 1 0
Case #69: 0 0
Case #70: 3 2
Case #71: 1 1
Case #72: 0 0
Case #73: 0 0
Case #74: 1 0
Case #75: 125000 124999
Case #76: 3 2
Case #77: 1 0
Case #78: 0 0
Case #79: 0 0
Case #80: 0 0
Case #81: 3906 3905
Case #82: 500000 499999
Case #83: 0 0
Case #84: 1 0
Case #85: 1 0
Case #86: 1953 1952
Case #87: 0 0
Case #88: 0 0
Case #89: 0 0
Case #90: 1 1
Case #91: 0 0
Case #92: 1 1
Case #93: 1 0
Case #94: 1 0
Case #95: 1 1
Case #96: 0 0
Case #97: 7812 7811
Case #98: 0 0
Case #99: 0 0
Case #100: 499999 499999
