r a r a n 
r a r a v 
r a r g n 
r a r g v 
r a r n a 
r a r n g 
r a r n n 
r a r n v 
r a r v a 
r a r v g 
r a n r a 
r a n r g 
r a n r n 
r a n r v 
r a n a n 
r a n a v 
r a n g n 
r a n g v 
r a n n a 
r a n n g 
r a n n n 
r a n n v 
r a n v a 
r a n v g 
r a v r a 
r a v r g 
r a v r n 
r a v r v 
r a v a n 
r a v a v 
r a v g n 
r a v g v 
r g r a n 
r g r a v 
r g r g n 
r g r g v 
r g r n a 
r g r n g 
r g r n n 
r g r n v 
r g r v a 
r g r v g 
r g n r a 
r g n r g 
r g n r n 
r g n r v 
r g n a n 
r g n a v 
r g n g n 
r g n g v 
r g n n a 
r g n n g 
r g n n n 
r g n n v 
r g n v a 
r g n v g 
r g v r a 
r g v r g 
r g v r n 
r g v r v 
r g v a n 
r g v a v 
r g v g n 
r g v g v 
r n r a n 
r n r a v 
r n r g n 
r n r g v 
r n r n a 
r n r n g 
r n r n n 
r n r n v 
r n r v a 
r n r v g 
r n a r a 
r n a r g 
r n a r n 
r n a r v 
r n a n a 
r n a n g 
r n a n n 
r n a n v 
r n a v a 
r n a v g 
r n g r a 
r n g r g 
r n g r n 
r n g r v 
r n g n a 
r n g n g 
r n g n n 
r n g n v 
r n g v a 
r n g v g 
r n n r a 
r n n r g 
r n n r n 
r n n r v 
r n n a n 
r n n a v 
r n n g n 
r n n g v 
r n n n a 
r n n n g 
r n n n n 
r n n n v 
r n n v a 
r n n v g 
r n v r a 
r n v r g 
r n v r n 
r n v r v 
r n v a n 
r n v a v 
r n v g n 
r n v g v 
r v r a n 
r v r a v 
r v r g n 
r v r g v 
r v r n a 
r v r n g 
r v r n n 
r v r n v 
r v r v a 
r v r v g 
r v a r a 
r v a r g 
r v a r n 
r v a r v 
r v a n a 
r v a n g 
r v a n n 
r v a n v 
r v a v a 
r v a v g 
r v g r a 
r v g r g 
r v g r n 
r v g r v 
r v g n a 
r v g n g 
r v g n n 
r v g n v 
r v g v a 
r v g v g 
a r a r n 
a r a r v 
a r a n r 
a r a n n 
a r a n v 
a r a v r 
a r g r n 
a r g r v 
a r g n r 
a r g n n 
a r g n v 
a r g v r 
a r n r n 
a r n r v 
a r n a r 
a r n a n 
a r n a v 
a r n g r 
a r n g n 
a r n g v 
a r n n r 
a r n n n 
a r n n v 
a r n v r 
a r v r n 
a r v r v 
a r v a r 
a r v a n 
a r v a v 
a r v g r 
a r v g n 
a r v g v 
a n r a r 
a n r a n 
a n r a v 
a n r g r 
a n r g n 
a n r g v 
a n r n r 
a n r n n 
a n r n v 
a n r v r 
a n a r n 
a n a r v 
a n a n r 
a n a n n 
a n a n v 
a n a v r 
a n g r n 
a n g r v 
a n g n r 
a n g n n 
a n g n v 
a n g v r 
a n n r n 
a n n r v 
a n n a r 
a n n a n 
a n n a v 
a n n g r 
a n n g n 
a n n g v 
a n n n r 
a n n n n 
a n n n v 
a n n v r 
a n v r n 
a n v r v 
a n v a r 
a n v a n 
a n v a v 
a n v g r 
a n v g n 
a n v g v 
a v r a r 
a v r a n 
a v r a v 
a v r g r 
a v r g n 
a v r g v 
a v r n r 
a v r n n 
a v r n v 
a v r v r 
a v a r n 
a v a r v 
a v a n r 
a v a n n 
a v a n v 
a v a v r 
a v g r n 
a v g r v 
a v g n r 
a v g n n 
a v g n v 
a v g v r 
g r a r n 
g r a r v 
g r a n r 
g r a n n 
g r a n v 
g r a v r 
g r g r n 
g r g r v 
g r g n r 
g r g n n 
g r g n v 
g r g v r 
g r n r n 
g r n r v 
g r n a r 
g r n a n 
g r n a v 
g r n g r 
g r n g n 
g r n g v 
g r n n r 
g r n n n 
g r n n v 
g r n v r 
g r v r n 
g r v r v 
g r v a r 
g r v a n 
g r v a v 
g r v g r 
g r v g n 
g r v g v 
g n r a r 
g n r a n 
g n r a v 
g n r g r 
g n r g n 
g n r g v 
g n r n r 
g n r n n 
g n r n v 
g n r v r 
g n a r n 
g n a r v 
g n a n r 
g n a n n 
g n a n v 
g n a v r 
g n g r n 
g n g r v 
g n g n r 
g n g n n 
g n g n v 
g n g v r 
g n n r n 
g n n r v 
g n n a r 
g n n a n 
g n n a v 
g n n g r 
g n n g n 
g n n g v 
g n n n r 
g n n n n 
g n n n v 
g n n v r 
g n v r n 
g n v r v 
g n v a r 
g n v a n 
g n v a v 
g n v g r 
g n v g n 
g n v g v 
g v r a r 
g v r a n 
g v r a v 
g v r g r 
g v r g n 
g v r g v 
g v r n r 
g v r n n 
g v r n v 
g v r v r 
g v a r n 
g v a r v 
g v a n r 
g v a n n 
g v a n v 
g v a v r 
g v g r n 
g v g r v 
g v g n r 
g v g n n 
g v g n v 
g v g v r 
n r a r a 
n r a r g 
n r a n r 
n r a n a 
n r a n g 
n r a v r 
n r a v a 
n r a v g 
n r g r a 
n r g r g 
n r g n r 
n r g n a 
n r g n g 
n r g v r 
n r g v a 
n r g v g 
n r n r a 
n r n r g 
n r n a r 
n r n g r 
n r n n r 
n r n n a 
n r n n g 
n r n v r 
n r n v a 
n r n v g 
n r v r a 
n r v r g 
n r v a r 
n r v g r 
n a r a r 
n a r g r 
n a r n r 
n a r n a 
n a r n g 
n a r v r 
n a r v a 
n a r v g 
n a n r a 
n a n r g 
n a n a r 
n a n g r 
n a n n r 
n a n n a 
n a n n g 
n a n v r 
n a n v a 
n a n v g 
n a v r a 
n a v r g 
n a v a r 
n a v g r 
n g r a r 
n g r g r 
n g r n r 
n g r n a 
n g r n g 
n g r v r 
n g r v a 
n g r v g 
n g n r a 
n g n r g 
n g n a r 
n g n g r 
n g n n r 
n g n n a 
n g n n g 
n g n v r 
n g n v a 
n g n v g 
n g v r a 
n g v r g 
n g v a r 
n g v g r 
n n r a r 
n n r g r 
n n r n r 
n n r n a 
n n r n g 
n n r v r 
n n r v a 
n n r v g 
n n a r a 
n n a r g 
n n a n r 
n n a n a 
n n a n g 
n n a v r 
n n a v a 
n n a v g 
n n g r a 
n n g r g 
n n g n r 
n n g n a 
n n g n g 
n n g v r 
n n g v a 
n n g v g 
n n n r a 
n n n r g 
n n n a r 
n n n g r 
n n n n r 
n n n n a 
n n n n g 
n n n v r 
n n n v a 
n n n v g 
n n v r a 
n n v r g 
n n v a r 
n n v g r 
n v r a r 
n v r g r 
n v r n r 
n v r n a 
n v r n g 
n v r v r 
n v r v a 
n v r v g 
n v a r a 
n v a r g 
n v a n r 
n v a n a 
n v a n g 
n v a v r 
n v a v a 
n v a v g 
n v g r a 
n v g r g 
n v g n r 
n v g n a 
n v g n g 
n v g v r 
n v g v a 
n v g v g 
v r a r a 
v r a r g 
v r a n r 
v r a n a 
v r a n g 
v r a v r 
v r a v a 
v r a v g 
v r g r a 
v r g r g 
v r g n r 
v r g n a 
v r g n g 
v r g v r 
v r g v a 
v r g v g 
v r n r a 
v r n r g 
v r n a r 
v r n g r 
v r n n r 
v r n n a 
v r n n g 
v r n v r 
v r n v a 
v r n v g 
v r v r a 
v r v r g 
v r v a r 
v r v g r 
v a r a r 
v a r g r 
v a r n r 
v a r n a 
v a r n g 
v a r v r 
v a r v a 
v a r v g 
v a n r a 
v a n r g 
v a n a r 
v a n g r 
v a n n r 
v a n n a 
v a n n g 
v a n v r 
v a n v a 
v a n v g 
v a v r a 
v a v r g 
v a v a r 
v a v g r 
v g r a r 
v g r g r 
v g r n r 
v g r n a 
v g r n g 
v g r v r 
v g r v a 
v g r v g 
v g n r a 
v g n r g 
v g n a r 
v g n g r 
v g n n r 
v g n n a 
v g n n g 
v g n v r 
v g n v a 
v g n v g 
v g v r a 
v g v r g 
v g v a r 
v g v g r 
