Case #1:
1000000000000001 3 2 5 5 2 2 3 2 2 
1000000000000010 2 2 2 3 13 2 2 2 179 
1000000000000100 2 2 2 2 236471 2 2 2 2 
1000000000000101 13 11 3 29 2 3 53 109 7 
1000000000000110 2 3 2 3 71 3 2 3 2 
1000000000000111 3 2 5 2 2 2 3 2 89 
1000000000001000 2 2 2 2 46441 2 2 2 19 
1000000000001001 73 5 3 3 2 3 5 19 2 
1000000000001010 2 3 2 48299 11 3 2 3 7 
1000000000001100 2 3 2 2 211 3 2 3 2 
1000000000001101 3 2 5 3 2 2 3 2 23 
1000000000001110 2 2 2 3919 43 2 2 2 2 
1000000000010000 2 2 2 2 287341 2 2 2 2 
1000000000010001 5 1009 3 7 2 3 29 463 439 
1000000000010010 2 3 2 3 37 3 2 3 2 
1000000000010011 3 2 5 2 2 2 3 2 101 
1000000000010100 2 3 2 2 7 3 2 3 3 
1000000000010110 2 2 2 3 1531 2 2 2 197 
1000000000011000 2 3 2 2 409 3 2 3 2 
1000000000011001 3 2 5 3 2 2 3 2 13 
1000000000011011 5 1567 15559 2 2 5 1031 7 3 
1000000000011100 2 2 2 2 19 2 2 2 31 
1000000000011110 2 3 2 433 811 7 2 3 19 
1000000000011111 3 2 3 2 2 2 3 2 2 
1000000000100000 2 2 2 3 67 2 2 2 17 
1000000000100100 2 3 2 3 11 3 2 3 2 
1000000000100101 3 2 5 2 2 2 3 2 340573 
1000000000100110 2 2 2 2 17 2 2 2 2 
1000000000101010 2 2 2 2 43 2 2 2 3 
1000000000101011 3 7 13 31 2 43 3 73 2 
1000000000101100 2 2 2 29 29 2 2 2 2 
1000000000101110 2 3 2 2 41 7 2 3 2 
1000000000101111 5 2 3 109919 2 2 5 2 7 
1000000000110000 2 3 2 3 19 3 2 3 2 
1000000000110001 3 2 5 2 2 2 3 2 7 
1000000000110010 2 2 2 2 23 2 2 2 2 
1000000000110011 37 5 23 3 2 401 5 665747 3 
1000000000110101 23 17 11 2 2 299699 43 239 2 
1000000000110110 2 3 2 2 157 7 2 3 43 
1000000000110111 3 2 3 3 2 2 3 2 2 
1000000000111000 2 2 2 7 13 2 2 2 2 
1000000000111010 2 3 2 2 37 7 2 3 2 
1000000000111101 3 2 3 2 2 2 3 2 2 
1000000000111110 2 2 2 2 5 2 2 2 3 
1000000001000000 2 2 2 2 29 2 2 2 15131 
1000000001000010 2 3 2 3 443 3 2 3 12241 
1000000001000011 3 2 5 2 2 2 3 2 2 
1000000001000100 2 3 2 2 7 3 2 3 2 
1000000001000101 7 2 11 10457 2 2 6053 2 11 
1000000001000110 2 2 2 3 43 2 2 2 2 
